<?xml version="1.0" encoding="UTF-8"?>
<!-- Generated by org.testng.reporters.JUnitReportReporter -->
<testsuite skipped="0" hostname="DESKTOP-MAELERC" name="csv.CsvComparisonTests" tests="4" failures="0" timestamp="2025-07-17T02:49:59 EDT" time="0.046" errors="0">
  <testcase name="TC003_testDifferentHeaders" time="0.012" classname="csv.CsvComparisonTests"/>
  <system-out/>
  <testcase name="TC001_testIdenticalFiles" time="0.022" classname="csv.CsvComparisonTests"/>
  <system-out/>
  <testcase name="TC004_testOneFileEmpty" time="0.003" classname="csv.CsvComparisonTests"/>
  <system-out/>
  <testcase name="TC002_testDifferentValues" time="0.009" classname="csv.CsvComparisonTests"/>
  <system-out/>
</testsuite> <!-- csv.CsvComparisonTests -->
